2023-01-15 01:34:04,884 INFO  [main] Opened HomePage
2023-01-15 01:34:10,276 INFO  [main] loginIntoAccount: ani1901@list.ru / testdata.user.password2
2023-01-15 01:39:09,095 INFO  [main] Opened HomePage
2023-01-15 01:39:12,524 INFO  [main] loginIntoAccount: ani1901@list.ru / testdata.user.password2
2023-01-15 01:42:14,376 INFO  [main] Opened HomePage
2023-01-15 01:42:17,950 INFO  [main] loginIntoAccount: ani1901@list.ru / testdata.user.password2
2023-01-15 01:44:54,579 INFO  [main] Opened HomePage
2023-01-15 01:44:57,990 INFO  [main] loginIntoAccount: ani1901@list.ru / testdata.user.password2
2023-01-15 01:47:21,163 INFO  [main] Opened HomePage
2023-01-15 01:47:26,969 INFO  [main] loginIntoAccount: ani1901@list.ru / testdata.user.password2
2023-01-15 01:49:45,367 INFO  [main] Opened HomePage
2023-01-15 01:49:48,990 INFO  [main] loginIntoAccount: ani1901@list.ru / testdata.user.password
2023-01-15 01:52:14,162 INFO  [main] Opened HomePage
2023-01-15 01:52:17,382 INFO  [main] loginIntoAccount: ani1901@list.ru / testdata.user.password
2023-01-15 01:55:01,870 INFO  [main] Opened HomePage
2023-01-15 01:55:05,924 INFO  [main] loginIntoAccount: ani1901@list.ru / fybnjc2001
2023-01-15 01:56:24,230 INFO  [main] Opened HomePage
2023-01-15 01:56:27,273 INFO  [main] loginIntoAccount: ani1901@list.ru / fybnjc2001
2023-01-15 01:58:03,151 INFO  [main] Opened HomePage
2023-01-15 01:58:06,741 INFO  [main] loginIntoAccount: ani1901@list.ru / fybnjc2001
2023-01-15 01:59:13,487 INFO  [main] Opened HomePage
2023-01-15 01:59:17,044 INFO  [main] loginIntoAccount: ani1901@list.ru / fybnjc2001
2023-01-15 02:00:56,803 INFO  [main] Opened HomePage
2023-01-15 02:00:59,577 INFO  [main] loginIntoAccount: ani1901@list.ru / fybnjc2001
2023-01-15 02:01:02,003 INFO  [main] logged in
2023-01-15 02:05:38,153 INFO  [main] Opened HomePage
2023-01-15 02:05:41,297 INFO  [main] loginIntoAccount: ani1901@list.ru / fybnjc2001
2023-01-15 02:05:42,466 INFO  [main] logged in
2023-01-15 02:09:15,630 INFO  [main] Opened HomePage
2023-01-15 02:09:18,239 INFO  [main] loginIntoAccount: ani1901@list.ru / fybnjc2001
2023-01-15 02:09:20,296 INFO  [main] logged in
2023-01-15 02:12:56,936 INFO  [main] Opened HomePage
2023-01-15 02:12:59,597 INFO  [main] loginIntoAccount: ani1901@list.ru / fybnjc2001
2023-01-15 02:13:00,708 INFO  [main] logged in
2023-01-15 02:13:05,820 INFO  [main] opened Shopping Cart Page
2023-01-15 03:17:39,955 INFO  [main] Opened HomePage
2023-01-15 03:17:42,781 INFO  [main] loginIntoAccount: ani1901@list.ru / fybnjc2001
2023-01-15 03:18:25,226 INFO  [main] Opened HomePage
2023-01-15 03:18:28,325 INFO  [main] loginIntoAccount: ani1901@list.ru / fybnjc2001
2023-01-15 03:18:30,465 INFO  [main] logged in
2023-01-15 03:18:35,343 INFO  [main] opened Shopping Cart Page
2023-01-15 03:19:38,357 INFO  [main] Opened HomePage
2023-01-15 03:19:41,296 INFO  [main] loginIntoAccount: ani1901@list.ru / fybnjc2001
2023-01-15 03:19:43,342 INFO  [main] logged in
2023-01-15 03:19:49,464 INFO  [main] opened Shopping Cart Page
2023-01-15 07:46:59,036 INFO  [main] Opened HomePage
2023-01-15 07:46:59,051 INFO  [main] Searching тетрадь
2023-01-15 07:48:19,490 INFO  [main] Opened HomePage
2023-01-15 07:48:19,507 INFO  [main] Searching тетрадь
2023-01-15 08:04:43,254 INFO  [main] Opened HomePage
2023-01-15 08:04:43,267 INFO  [main] Searching тетрадь
2023-01-15 08:06:24,787 INFO  [main] Opened HomePage
2023-01-15 08:06:24,797 INFO  [main] Searching тетрадь
2023-01-15 08:07:15,263 INFO  [main] Opened HomePage
2023-01-15 08:07:18,426 INFO  [main] Searching тетрадь
2023-01-15 08:08:18,004 INFO  [main] Opened HomePage
2023-01-15 08:08:21,419 INFO  [main] Searching тетрадь
2023-01-15 08:23:10,918 INFO  [main] Opened HomePage
2023-01-15 08:23:14,460 INFO  [main] Searching тетрадь
2023-01-15 08:24:45,301 INFO  [main] Opened HomePage
2023-01-15 08:24:48,547 INFO  [main] Searching тетрадь
2023-01-15 08:27:44,016 INFO  [main] Opened HomePage
2023-01-15 08:27:47,089 INFO  [main] Searching тетрадь
2023-01-15 08:32:29,250 INFO  [main] Opened HomePage
2023-01-15 08:32:32,859 INFO  [main] Searching тетрадь
2023-01-15 09:12:19,469 INFO  [main] Opened HomePage
2023-01-15 09:12:22,820 INFO  [main] Searching тетрадь
2023-01-15 09:12:43,531 INFO  [main] Opened HomePage
2023-01-15 09:12:46,371 INFO  [main] Searching тетрадь
2023-01-15 10:06:55,508 INFO  [main] Opened HomePage
2023-01-15 10:06:57,295 INFO  [main] Searching тетрадь
2023-01-15 10:11:00,146 INFO  [main] Opened HomePage
2023-01-15 10:11:01,744 INFO  [main] Searching тетрадь
2023-01-15 10:13:48,415 INFO  [main] Opened HomePage
2023-01-15 10:13:50,448 INFO  [main] Searching тетрадь
2023-01-15 10:13:51,533 INFO  [main] logged in
2023-01-15 10:14:13,819 INFO  [main] Opened HomePage
2023-01-15 10:14:15,660 INFO  [main] Searching тетрадь
2023-01-15 10:14:16,366 INFO  [main] logged in
2023-01-15 10:14:39,914 INFO  [main] Opened HomePage
2023-01-15 10:14:41,647 INFO  [main] Searching тетрадь
2023-01-15 10:14:42,586 INFO  [main] logged in
2023-01-15 10:17:04,932 INFO  [main] Opened HomePage
2023-01-15 10:17:06,814 INFO  [main] Searching тетрадь
2023-01-15 10:17:07,489 INFO  [main] logged in
2023-01-15 10:17:07,491 INFO  [main] Opened Search Page
2023-01-15 10:34:39,585 INFO  [main] Opened HomePage
2023-01-15 10:34:40,980 INFO  [main] Searching тетрадь
2023-01-15 10:34:41,469 INFO  [main] logged in
2023-01-15 10:34:41,470 INFO  [main] Opened Search Page
2023-01-15 10:35:53,463 INFO  [main] Opened HomePage
2023-01-15 10:35:55,129 INFO  [main] Searching тетрадь
2023-01-15 10:35:55,553 INFO  [main] logged in
2023-01-15 10:35:55,555 INFO  [main] Opened Search Page
2023-01-15 10:38:00,661 INFO  [main] Opened HomePage
2023-01-15 10:38:02,230 INFO  [main] Searching тетрадь
2023-01-15 10:38:02,919 INFO  [main] logged in
2023-01-15 10:38:02,921 INFO  [main] Opened Search Page
2023-01-15 10:40:36,221 INFO  [main] Opened HomePage
2023-01-15 10:40:38,133 INFO  [main] Searching тетрадь
2023-01-15 10:40:39,200 INFO  [main] logged in
2023-01-15 10:40:39,202 INFO  [main] Opened Search Page
2023-01-15 10:52:59,215 INFO  [main] Opened HomePage
2023-01-15 10:53:00,866 INFO  [main] Searching тетрадь
2023-01-15 10:53:01,314 INFO  [main] logged in
2023-01-15 10:53:01,315 INFO  [main] Opened Search Page
2023-01-15 13:53:42,921 INFO  [main] Opened HomePage
2023-01-15 13:53:45,701 INFO  [main] Searching тетрадь
2023-01-15 13:53:47,237 INFO  [main] logged in
2023-01-15 13:53:47,239 INFO  [main] Opened Search Page
2023-01-15 15:46:06,145 INFO  [main] Opened HomePage
2023-01-15 15:46:07,812 INFO  [main] Searching тетрадь
2023-01-15 15:46:08,632 INFO  [main] logged in
2023-01-15 15:46:08,633 INFO  [main] Opened Search Page
2023-01-15 15:50:10,396 INFO  [main] Opened HomePage
2023-01-15 15:50:11,942 INFO  [main] Searching тетрадь
2023-01-15 15:50:12,717 INFO  [main] logged in
2023-01-15 15:50:12,718 INFO  [main] Opened Search Page
2023-01-15 15:50:50,744 INFO  [main] Opened HomePage
2023-01-15 15:50:52,284 INFO  [main] Searching тетрадь
2023-01-15 15:50:53,046 INFO  [main] logged in
2023-01-15 15:50:53,047 INFO  [main] Opened Search Page
2023-01-15 15:52:10,170 INFO  [main] Opened HomePage
2023-01-15 15:52:11,806 INFO  [main] Searching тетрадь
2023-01-15 15:52:12,316 INFO  [main] logged in
2023-01-15 15:52:12,317 INFO  [main] Opened Search Page
2023-01-15 15:52:43,187 INFO  [main] Opened HomePage
2023-01-15 15:52:44,730 INFO  [main] Searching тетрадь
2023-01-15 15:52:45,536 INFO  [main] logged in
2023-01-15 15:52:45,537 INFO  [main] Opened Search Page
2023-01-15 15:54:25,571 INFO  [main] Opened HomePage
2023-01-15 15:54:27,857 INFO  [main] Searching тетрадь
2023-01-15 15:54:28,990 INFO  [main] logged in
2023-01-15 15:54:28,991 INFO  [main] Opened Search Page
2023-01-15 15:57:01,796 INFO  [main] Opened HomePage
2023-01-15 15:57:03,346 INFO  [main] Searching тетрадь
2023-01-15 15:57:04,090 INFO  [main] logged in
2023-01-15 15:57:04,092 INFO  [main] Opened Search Page
2023-01-15 16:00:24,259 INFO  [main] Opened HomePage
2023-01-15 16:00:26,167 INFO  [main] Searching тетрадь
2023-01-15 16:00:27,325 INFO  [main] logged in
2023-01-15 16:00:27,326 INFO  [main] Opened Search Page
2023-01-15 16:01:38,392 INFO  [main] Opened HomePage
2023-01-15 16:01:40,320 INFO  [main] Searching тетрадь
2023-01-15 16:01:41,313 INFO  [main] logged in
2023-01-15 16:01:41,315 INFO  [main] Opened Search Page
2023-01-15 16:02:10,666 INFO  [main] Opened HomePage
2023-01-15 16:02:12,489 INFO  [main] Searching тетрадь
2023-01-15 16:02:13,340 INFO  [main] logged in
2023-01-15 16:02:13,341 INFO  [main] Opened Search Page
2023-01-15 16:04:15,360 INFO  [main] Opened HomePage
2023-01-15 16:04:17,542 INFO  [main] Searching тетрадь
2023-01-15 16:04:18,691 INFO  [main] logged in
2023-01-15 16:04:18,692 INFO  [main] Opened Search Page
2023-01-15 16:05:01,187 INFO  [main] Opened HomePage
2023-01-15 16:05:03,718 INFO  [main] Searching тетрадь
2023-01-15 16:05:05,028 INFO  [main] logged in
2023-01-15 16:05:05,029 INFO  [main] Opened Search Page
2023-01-15 16:05:09,879 INFO  [main] opened Shopping Cart Page
2023-01-15 16:05:09,882 INFO  [main] Opened Item Page
2023-01-15 16:14:10,078 INFO  [main] Opened HomePage
2023-01-15 16:14:12,082 INFO  [main] Searching тетрадь
2023-01-15 16:14:13,081 INFO  [main] logged in
2023-01-15 16:14:13,082 INFO  [main] Opened Search Page
2023-01-15 16:14:17,601 INFO  [main] opened Shopping Cart Page
2023-01-15 16:14:17,602 INFO  [main] Opened Item Page
2023-01-15 16:17:03,307 INFO  [main] Opened HomePage
2023-01-15 16:17:05,460 INFO  [main] Searching тетрадь
2023-01-15 16:17:06,811 INFO  [main] logged in
2023-01-15 16:17:06,813 INFO  [main] Opened Search Page
2023-01-15 16:17:12,183 INFO  [main] opened Shopping Cart Page
2023-01-15 16:17:12,185 INFO  [main] Opened Item Page
2023-01-15 16:18:12,837 INFO  [main] Opened HomePage
2023-01-15 16:18:15,194 INFO  [main] Searching тетрадь
2023-01-15 16:18:16,554 INFO  [main] logged in
2023-01-15 16:18:16,944 INFO  [main] Opened Search Page
2023-01-15 16:18:21,431 INFO  [main] opened Shopping Cart Page
2023-01-15 16:18:21,432 INFO  [main] Opened Item Page
2023-01-15 16:19:50,373 INFO  [main] Opened HomePage
2023-01-15 16:19:52,354 INFO  [main] Searching тетрадь
2023-01-15 16:19:53,475 INFO  [main] logged in
2023-01-15 16:19:53,477 INFO  [main] Opened Search Page
2023-01-15 16:19:57,723 INFO  [main] opened Shopping Cart Page
2023-01-15 16:19:57,724 INFO  [main] Opened Item Page
2023-01-15 16:19:58,273 INFO  [main] opened Shopping Cart Page
2023-01-15 16:22:46,834 INFO  [main] Opened HomePage
2023-01-15 16:22:50,113 INFO  [main] Searching тетрадь
2023-01-15 16:22:51,128 INFO  [main] logged in
2023-01-15 16:22:51,130 INFO  [main] Opened Search Page
2023-01-15 16:22:54,550 INFO  [main] opened Shopping Cart Page
2023-01-15 16:22:54,551 INFO  [main] Opened Item Page
2023-01-15 16:22:55,052 INFO  [main] opened Shopping Cart Page
2023-01-15 16:24:46,630 INFO  [main] Opened HomePage
2023-01-15 16:24:49,353 INFO  [main] Searching тетрадь
2023-01-15 16:24:50,324 INFO  [main] logged in
2023-01-15 16:24:50,326 INFO  [main] Opened Search Page
2023-01-15 16:24:54,437 INFO  [main] opened Shopping Cart Page
2023-01-15 16:24:54,439 INFO  [main] Opened Item Page
2023-01-15 16:24:54,961 INFO  [main] opened Shopping Cart Page
2023-01-15 16:24:55,559 ERROR  [main] checkIfThereIsCorrectAmoutOfItemsInShoppingCart: NoSuchElementException
2023-01-15 16:32:49,194 INFO  [main] Opened HomePage
2023-01-15 16:32:51,550 INFO  [main] loginIntoAccount: ani1901@list.ru / fybnjc2001
2023-01-15 16:32:53,240 INFO  [main] logged in
2023-01-15 16:32:56,940 INFO  [main] opened Profile Page
2023-01-15 16:32:56,942 INFO  [main] Opened Profile Page
2023-01-15 16:33:53,136 INFO  [main] Opened HomePage
2023-01-15 16:33:55,329 INFO  [main] loginIntoAccount: ani1901@list.ru / fybnjc2001
2023-01-15 16:34:08,651 INFO  [main] Opened HomePage
2023-01-15 16:34:10,643 INFO  [main] loginIntoAccount: ani1901@list.ru / fybnjc2001
2023-01-15 16:34:12,072 INFO  [main] logged in
2023-01-15 16:34:14,680 INFO  [main] opened Profile Page
2023-01-15 16:34:14,682 INFO  [main] Opened Profile Page
2023-01-15 16:36:12,352 INFO  [main] Opened HomePage
2023-01-15 16:36:14,424 INFO  [main] loginIntoAccount: ani1901@list.ru / fybnjc2001
2023-01-15 16:36:33,559 INFO  [main] Opened HomePage
2023-01-15 16:36:35,281 INFO  [main] loginIntoAccount: ani1901@list.ru / fybnjc2001
2023-01-15 16:36:48,555 INFO  [main] Opened HomePage
2023-01-15 16:36:50,496 INFO  [main] loginIntoAccount: ani1901@list.ru / fybnjc2001
2023-01-15 16:38:31,429 INFO  [main] Opened HomePage
2023-01-15 16:38:33,486 INFO  [main] loginIntoAccount: ani1901@list.ru / fybnjc2001
2023-01-15 16:38:35,349 INFO  [main] logged in
2023-01-15 16:38:38,118 INFO  [main] opened Profile Page
2023-01-15 16:38:38,120 INFO  [main] Opened Profile Page
2023-01-15 16:39:08,459 INFO  [main] Opened HomePage
2023-01-15 16:39:10,335 INFO  [main] loginIntoAccount: ani1901@list.ru / fybnjc2001
2023-01-15 16:39:12,202 INFO  [main] logged in
2023-01-15 16:39:16,187 INFO  [main] opened Profile Page
2023-01-15 16:39:16,189 INFO  [main] Opened Profile Page
2023-01-15 16:40:28,074 INFO  [main] Opened HomePage
2023-01-15 16:40:30,464 INFO  [main] loginIntoAccount: ani1901@list.ru / fybnjc2001
2023-01-15 16:40:32,378 INFO  [main] logged in
2023-01-15 16:40:35,372 INFO  [main] opened Profile Page
2023-01-15 16:40:35,373 INFO  [main] Opened Profile Page
2023-01-15 16:40:35,657 INFO  [main] opened Feedback Form
2023-01-15 16:44:44,821 INFO  [main] Opened HomePage
2023-01-15 16:44:46,934 INFO  [main] loginIntoAccount: ani1901@list.ru / fybnjc2001
2023-01-15 16:44:48,539 INFO  [main] logged in
2023-01-15 16:44:51,608 INFO  [main] opened Profile Page
2023-01-15 16:44:51,609 INFO  [main] Opened Profile Page
2023-01-15 16:44:51,894 INFO  [main] opened Feedback Form
2023-01-15 16:44:52,740 INFO  [main] Wrote smth to feedback
2023-01-15 17:12:00,639 INFO  [main] Opened HomePage
2023-01-15 17:12:03,019 INFO  [main] CheckMailingVerificatiion: true
2023-01-15 17:20:14,612 INFO  [main] Opened HomePage
2023-01-15 17:20:16,224 INFO  [main] Searching !!!
2023-01-15 17:20:16,699 INFO  [main] logged in
2023-01-15 17:20:16,700 INFO  [main] Opened Search Page
2023-01-15 17:23:57,970 INFO  [main] Opened HomePage
2023-01-15 17:23:59,660 INFO  [main] Searching !!!
2023-01-15 17:24:00,458 INFO  [main] logged in
2023-01-15 17:24:00,459 INFO  [main] Opened Search Page
2023-01-15 17:24:02,392 ERROR  [main] checkIfCommentIsSent: NoSuchElementException
2023-01-15 17:24:21,832 INFO  [main] Opened HomePage
2023-01-15 17:24:23,418 INFO  [main] Searching тетрадь
2023-01-15 17:24:23,828 INFO  [main] logged in
2023-01-15 17:24:23,829 INFO  [main] Opened Search Page
2023-01-15 17:24:28,562 INFO  [main] opened Shopping Cart Page
2023-01-15 17:24:28,563 INFO  [main] Opened Item Page
2023-01-15 17:24:28,912 INFO  [main] opened Shopping Cart Page
2023-01-15 17:24:29,497 ERROR  [main] checkIfThereIsCorrectAmoutOfItemsInShoppingCart: NoSuchElementException
2023-01-15 17:29:03,162 INFO  [main] Opened HomePage
2023-01-15 17:29:04,908 INFO  [main] Searching тетрадь
2023-01-15 17:29:05,846 INFO  [main] logged in
2023-01-15 17:29:05,847 INFO  [main] Opened Search Page
2023-01-15 17:29:11,628 INFO  [main] opened Shopping Cart Page
2023-01-15 17:29:11,629 INFO  [main] Opened Item Page
2023-01-15 17:29:11,958 INFO  [main] opened Shopping Cart Page
2023-01-15 17:29:38,625 INFO  [main] Opened HomePage
2023-01-15 17:29:40,411 INFO  [main] Searching тетрадь
2023-01-15 17:29:41,163 INFO  [main] logged in
2023-01-15 17:29:41,164 INFO  [main] Opened Search Page
2023-01-15 17:29:44,687 INFO  [main] opened Shopping Cart Page
2023-01-15 17:29:44,688 INFO  [main] Opened Item Page
2023-01-15 17:29:45,093 INFO  [main] opened Shopping Cart Page
2023-01-15 17:32:55,975 INFO  [main] Opened HomePage
2023-01-15 17:32:57,659 INFO  [main] Searching тетрадь
2023-01-15 17:32:58,157 INFO  [main] logged in
2023-01-15 17:32:58,158 INFO  [main] Opened Search Page
2023-01-15 17:33:02,133 INFO  [main] opened Shopping Cart Page
2023-01-15 17:33:02,134 INFO  [main] Opened Item Page
2023-01-15 17:33:02,474 INFO  [main] opened Shopping Cart Page
2023-01-15 17:35:21,877 INFO  [main] Opened HomePage
2023-01-15 17:35:24,176 INFO  [main] Searching тетрадь
2023-01-15 17:35:24,661 INFO  [main] logged in
2023-01-15 17:35:24,663 INFO  [main] Opened Search Page
2023-01-15 17:35:30,582 INFO  [main] opened Shopping Cart Page
2023-01-15 17:35:30,584 INFO  [main] Opened Item Page
2023-01-15 17:35:31,450 INFO  [main] opened Shopping Cart Page
2023-01-15 17:35:31,865 INFO  [main] opened Shopping Cart Page
2023-01-15 17:35:32,463 ERROR  [main] checkIfThereIsCorrectAmoutOfItemsInShoppingCart: NoSuchElementException
2023-01-15 20:36:12,960 INFO  [main] Opened HomePage
2023-01-15 20:36:14,725 INFO  [main] Searching тетрадь
2023-01-15 20:36:15,174 INFO  [main] logged in
2023-01-15 20:36:15,175 INFO  [main] Opened Search Page
2023-01-15 20:36:19,688 INFO  [main] opened Shopping Cart Page
2023-01-15 20:37:57,620 INFO  [main] Opened HomePage
2023-01-15 20:37:59,067 INFO  [main] Searching тетрадь
2023-01-15 20:37:59,576 INFO  [main] logged in
2023-01-15 20:37:59,582 INFO  [main] Opened Search Page
2023-01-15 20:39:14,600 INFO  [main] Opened HomePage
2023-01-15 20:39:16,319 INFO  [main] Searching тетрадь
2023-01-15 20:39:16,935 INFO  [main] logged in
2023-01-15 20:39:16,939 INFO  [main] Opened Search Page
2023-01-15 20:40:47,109 INFO  [main] Opened HomePage
2023-01-15 20:40:48,682 INFO  [main] Searching тетрадь
2023-01-15 20:40:49,157 INFO  [main] logged in
2023-01-15 20:40:49,158 INFO  [main] Opened Search Page
2023-01-15 20:40:51,780 INFO  [main] checking Brand Filer...
2023-01-15 20:41:34,204 INFO  [main] Opened HomePage
2023-01-15 20:41:35,761 INFO  [main] Searching тетрадь
2023-01-15 20:41:36,213 INFO  [main] logged in
2023-01-15 20:41:36,214 INFO  [main] Opened Search Page
2023-01-15 20:41:38,646 INFO  [main] checking Brand Filer...
2023-01-15 20:42:30,315 INFO  [main] Opened HomePage
2023-01-15 20:42:31,820 INFO  [main] Searching тетрадь
2023-01-15 20:42:32,368 INFO  [main] logged in
2023-01-15 20:42:32,369 INFO  [main] Opened Search Page
2023-01-15 20:42:34,705 INFO  [main] checking Brand Filer...
2023-01-15 20:42:34,742 INFO  [main] 
2023-01-15 20:42:34,892 INFO  [main] 
2023-01-15 20:42:35,157 INFO  [main] 
2023-01-15 20:42:35,180 INFO  [main] 
2023-01-15 20:42:35,199 INFO  [main] 
2023-01-15 20:42:35,218 INFO  [main] 
2023-01-15 20:42:35,241 INFO  [main] 
2023-01-15 20:42:35,261 INFO  [main] 
2023-01-15 20:42:35,281 INFO  [main] 
2023-01-15 20:42:35,302 INFO  [main] 
2023-01-15 20:42:35,322 INFO  [main] 
2023-01-15 20:42:35,343 INFO  [main] 
2023-01-15 20:42:35,367 INFO  [main] 
2023-01-15 20:42:35,390 INFO  [main] 
2023-01-15 20:42:35,413 INFO  [main] 
2023-01-15 20:42:35,433 INFO  [main] 
2023-01-15 20:42:35,458 INFO  [main] 
2023-01-15 20:42:35,508 INFO  [main] 
2023-01-15 20:42:35,554 INFO  [main] 
2023-01-15 20:43:15,207 INFO  [main] Opened HomePage
2023-01-15 20:43:16,992 INFO  [main] Searching тетрадь
2023-01-15 20:43:17,428 INFO  [main] logged in
2023-01-15 20:43:17,431 INFO  [main] Opened Search Page
2023-01-15 20:43:20,124 INFO  [main] checking Brand Filer...
2023-01-15 20:44:02,179 INFO  [main] 
2023-01-15 20:44:15,352 INFO  [main] 
2023-01-15 20:44:16,218 INFO  [main] 
2023-01-15 20:44:19,737 INFO  [main] 
2023-01-15 20:46:18,289 INFO  [main] Opened HomePage
2023-01-15 20:46:19,886 INFO  [main] Searching тетрадь
2023-01-15 20:46:20,734 INFO  [main] logged in
2023-01-15 20:46:20,744 INFO  [main] Opened Search Page
2023-01-15 20:46:24,415 INFO  [main] checking Brand Filer...
2023-01-15 20:46:40,226 INFO  [main] 
2023-01-15 20:46:57,888 INFO  [main] ArtSpace (3)
2023-01-15 20:46:57,900 INFO  [main] true
2023-01-15 20:46:57,915 INFO  [main] 
2023-01-15 20:46:57,944 INFO  [main] 
2023-01-15 20:46:57,967 INFO  [main] 
2023-01-15 20:46:57,997 INFO  [main] 
2023-01-15 20:46:58,022 INFO  [main] 
2023-01-15 20:46:58,050 INFO  [main] 
2023-01-15 20:46:58,081 INFO  [main] OfficeSpace (1)
2023-01-15 20:46:58,095 INFO  [main] true
2023-01-15 20:46:58,116 INFO  [main] Panta Plast (5)
2023-01-15 20:46:58,174 INFO  [main] 
2023-01-15 20:46:58,202 INFO  [main] 
2023-01-15 20:46:58,226 INFO  [main] 
2023-01-15 20:46:58,251 INFO  [main] 
2023-01-15 20:46:58,274 INFO  [main] 
2023-01-15 20:46:58,296 INFO  [main] 
2023-01-15 20:46:58,317 INFO  [main] 
2023-01-15 20:46:58,341 INFO  [main] 
2023-01-15 20:46:58,363 INFO  [main] 
2023-01-15 20:48:22,240 INFO  [main] Opened HomePage
2023-01-15 20:48:24,087 INFO  [main] Searching тетрадь
2023-01-15 20:48:24,593 INFO  [main] logged in
2023-01-15 20:48:24,594 INFO  [main] Opened Search Page
2023-01-15 20:48:28,220 INFO  [main] checking Brand Filer...
2023-01-15 20:48:28,268 INFO  [main] 
2023-01-15 20:48:28,281 INFO  [main] аааааааааа
2023-01-15 20:48:28,303 INFO  [main] ArtSpace (3)
2023-01-15 20:48:28,334 INFO  [main] 
2023-01-15 20:48:28,344 INFO  [main] аааааааааа
2023-01-15 20:48:28,357 INFO  [main] 
2023-01-15 20:48:28,367 INFO  [main] аааааааааа
2023-01-15 20:48:28,381 INFO  [main] 
2023-01-15 20:48:28,390 INFO  [main] аааааааааа
2023-01-15 20:48:28,403 INFO  [main] 
2023-01-15 20:48:28,412 INFO  [main] аааааааааа
2023-01-15 20:48:28,429 INFO  [main] 
2023-01-15 20:48:28,437 INFO  [main] аааааааааа
2023-01-15 20:48:28,450 INFO  [main] 
2023-01-15 20:48:28,459 INFO  [main] аааааааааа
2023-01-15 20:48:28,474 INFO  [main] OfficeSpace (1)
2023-01-15 20:48:28,499 INFO  [main] Panta Plast (5)
2023-01-15 20:48:28,508 INFO  [main] аааааааааа
2023-01-15 20:48:28,519 INFO  [main] 
2023-01-15 20:48:28,526 INFO  [main] аааааааааа
2023-01-15 20:48:28,537 INFO  [main] 
2023-01-15 20:48:28,545 INFO  [main] аааааааааа
2023-01-15 20:48:28,557 INFO  [main] 
2023-01-15 20:48:28,564 INFO  [main] аааааааааа
2023-01-15 20:48:28,575 INFO  [main] 
2023-01-15 20:48:28,584 INFO  [main] аааааааааа
2023-01-15 20:48:28,596 INFO  [main] 
2023-01-15 20:48:28,604 INFO  [main] аааааааааа
2023-01-15 20:48:28,616 INFO  [main] 
2023-01-15 20:48:28,623 INFO  [main] аааааааааа
2023-01-15 20:48:28,637 INFO  [main] 
2023-01-15 20:48:28,647 INFO  [main] аааааааааа
2023-01-15 20:48:28,660 INFO  [main] 
2023-01-15 20:48:28,669 INFO  [main] аааааааааа
2023-01-15 20:48:28,684 INFO  [main] 
2023-01-15 20:48:28,692 INFO  [main] аааааааааа
2023-01-15 20:49:49,304 INFO  [main] Opened HomePage
2023-01-15 20:49:51,467 INFO  [main] Searching тетрадь
2023-01-15 20:49:52,069 INFO  [main] logged in
2023-01-15 20:49:52,070 INFO  [main] Opened Search Page
2023-01-15 20:49:56,128 INFO  [main] checking Brand Filer...
2023-01-15 20:49:56,393 INFO  [main] 
2023-01-15 20:49:56,403 INFO  [main] аааааааааа
2023-01-15 20:49:56,425 INFO  [main] ArtSpace (3)
2023-01-15 20:49:56,437 INFO  [main] аааааааааа
2023-01-15 20:49:56,455 INFO  [main] 
2023-01-15 20:49:56,465 INFO  [main] аааааааааа
2023-01-15 20:49:56,481 INFO  [main] 
2023-01-15 20:49:56,490 INFO  [main] аааааааааа
2023-01-15 20:49:56,505 INFO  [main] 
2023-01-15 20:49:56,514 INFO  [main] аааааааааа
2023-01-15 20:49:56,530 INFO  [main] 
2023-01-15 20:49:56,539 INFO  [main] аааааааааа
2023-01-15 20:49:56,554 INFO  [main] 
2023-01-15 20:49:56,564 INFO  [main] аааааааааа
2023-01-15 20:49:56,580 INFO  [main] 
2023-01-15 20:49:56,590 INFO  [main] аааааааааа
2023-01-15 20:49:56,611 INFO  [main] OfficeSpace (1)
2023-01-15 20:49:56,624 INFO  [main] аааааааааа
2023-01-15 20:49:56,647 INFO  [main] Panta Plast (5)
2023-01-15 20:49:56,666 INFO  [main] аааааааааа
2023-01-15 20:49:56,683 INFO  [main] 
2023-01-15 20:49:56,694 INFO  [main] аааааааааа
2023-01-15 20:49:56,713 INFO  [main] 
2023-01-15 20:49:56,722 INFO  [main] аааааааааа
2023-01-15 20:49:56,737 INFO  [main] 
2023-01-15 20:49:56,746 INFO  [main] аааааааааа
2023-01-15 20:49:56,761 INFO  [main] 
2023-01-15 20:49:56,770 INFO  [main] аааааааааа
2023-01-15 20:49:56,784 INFO  [main] 
2023-01-15 20:49:56,794 INFO  [main] аааааааааа
2023-01-15 20:49:56,808 INFO  [main] 
2023-01-15 20:49:56,817 INFO  [main] аааааааааа
2023-01-15 20:49:56,832 INFO  [main] 
2023-01-15 20:49:56,843 INFO  [main] аааааааааа
2023-01-15 20:49:56,859 INFO  [main] 
2023-01-15 20:49:56,871 INFO  [main] аааааааааа
2023-01-15 20:49:56,888 INFO  [main] 
2023-01-15 20:49:56,898 INFO  [main] аааааааааа
2023-01-15 20:50:36,858 INFO  [main] Opened HomePage
2023-01-15 20:50:39,663 INFO  [main] loginIntoAccount: ani1901@list.ru / fybnjc2001
2023-01-15 20:50:41,317 INFO  [main] logged in
2023-01-15 20:50:56,513 INFO  [main] opened Profile Page
2023-01-15 20:51:16,630 INFO  [main] Opened HomePage
2023-01-15 20:51:18,510 INFO  [main] Searching тетрадь
2023-01-15 20:51:19,075 INFO  [main] logged in
2023-01-15 20:51:19,076 INFO  [main] Opened Search Page
2023-01-15 20:51:22,863 INFO  [main] checking Brand Filer...
2023-01-15 20:51:22,909 INFO  [main] 
2023-01-15 20:51:22,918 INFO  [main] аааааааааа
2023-01-15 20:51:22,932 INFO  [main] ArtSpace (3)
2023-01-15 20:51:22,941 INFO  [main] аааааааааа
2023-01-15 20:51:22,953 INFO  [main] 
2023-01-15 20:51:22,960 INFO  [main] аааааааааа
2023-01-15 20:51:22,972 INFO  [main] 
2023-01-15 20:51:22,979 INFO  [main] аааааааааа
2023-01-15 20:51:22,990 INFO  [main] 
2023-01-15 20:51:22,998 INFO  [main] аааааааааа
2023-01-15 20:51:23,010 INFO  [main] 
2023-01-15 20:51:23,018 INFO  [main] аааааааааа
2023-01-15 20:51:23,031 INFO  [main] 
2023-01-15 20:51:23,039 INFO  [main] аааааааааа
2023-01-15 20:51:23,051 INFO  [main] 
2023-01-15 20:51:23,059 INFO  [main] аааааааааа
2023-01-15 20:51:23,074 INFO  [main] OfficeSpace (1)
2023-01-15 20:51:23,083 INFO  [main] аааааааааа
2023-01-15 20:51:23,104 INFO  [main] Panta Plast (5)
2023-01-15 20:51:23,118 INFO  [main] аааааааааа
2023-01-15 20:51:23,134 INFO  [main] 
2023-01-15 20:51:23,143 INFO  [main] аааааааааа
2023-01-15 20:51:23,159 INFO  [main] 
2023-01-15 20:51:23,169 INFO  [main] аааааааааа
2023-01-15 20:51:23,182 INFO  [main] 
2023-01-15 20:51:23,191 INFO  [main] аааааааааа
2023-01-15 20:51:23,206 INFO  [main] 
2023-01-15 20:51:23,215 INFO  [main] аааааааааа
2023-01-15 20:51:23,227 INFO  [main] 
2023-01-15 20:51:23,236 INFO  [main] аааааааааа
2023-01-15 20:51:23,251 INFO  [main] 
2023-01-15 20:51:23,260 INFO  [main] аааааааааа
2023-01-15 20:51:23,273 INFO  [main] 
2023-01-15 20:51:23,281 INFO  [main] аааааааааа
2023-01-15 20:51:23,297 INFO  [main] 
2023-01-15 20:51:23,308 INFO  [main] аааааааааа
2023-01-15 20:51:23,322 INFO  [main] 
2023-01-15 20:51:23,330 INFO  [main] аааааааааа
2023-01-15 20:51:58,121 INFO  [main] Opened HomePage
2023-01-15 20:52:00,180 INFO  [main] Searching тетрадь
2023-01-15 20:52:00,515 INFO  [main] logged in
2023-01-15 20:52:00,519 INFO  [main] Opened Search Page
2023-01-15 20:52:03,179 INFO  [main] checking Brand Filer...
2023-01-15 20:52:03,723 INFO  [main] 
2023-01-15 20:53:12,381 INFO  [main] аааааааааа
2023-01-15 20:53:12,397 INFO  [main] ArtSpace (3)
2023-01-15 20:53:25,429 INFO  [main] Opened HomePage
2023-01-15 20:53:27,184 INFO  [main] Searching тетрадь
2023-01-15 20:53:27,637 INFO  [main] logged in
2023-01-15 20:53:27,641 INFO  [main] Opened Search Page
2023-01-15 20:53:30,210 INFO  [main] checking Brand Filer...
2023-01-15 20:53:30,270 INFO  [main] 
2023-01-15 20:53:45,805 INFO  [main] ArtSpace (3)
2023-01-15 20:53:51,752 INFO  [main] 
2023-01-15 20:53:55,337 INFO  [main] 
2023-01-15 20:53:57,208 INFO  [main] 
2023-01-15 20:53:59,003 INFO  [main] 
2023-01-15 20:54:00,640 INFO  [main] 
2023-01-15 20:54:02,295 INFO  [main] 
2023-01-15 20:54:23,098 INFO  [main] OfficeSpace (1)
2023-01-15 20:54:41,420 INFO  [main] Panta Plast (5)
2023-01-15 20:54:44,500 INFO  [main] аааааааааа
2023-01-15 20:54:44,512 INFO  [main] 
2023-01-15 20:54:44,528 INFO  [main] 
2023-01-15 20:54:44,546 INFO  [main] 
2023-01-15 20:54:44,565 INFO  [main] 
2023-01-15 20:54:44,583 INFO  [main] 
2023-01-15 20:54:44,600 INFO  [main] 
2023-01-15 20:54:44,617 INFO  [main] 
2023-01-15 20:54:44,635 INFO  [main] 
2023-01-15 20:54:44,652 INFO  [main] 
2023-01-15 21:08:00,052 INFO  [main] Opened HomePage
2023-01-15 21:08:01,739 INFO  [main] Searching тетрадь
2023-01-15 21:08:02,529 INFO  [main] logged in
2023-01-15 21:08:02,533 INFO  [main] Opened Search Page
2023-01-15 21:08:06,587 INFO  [main] checking Brand Filer...
2023-01-15 21:08:06,621 INFO  [main] 
2023-01-15 21:08:23,054 INFO  [main] ArtSpace (3)
2023-01-15 21:08:51,919 INFO  [main] 
2023-01-15 21:08:56,592 INFO  [main] 
2023-01-15 21:08:56,611 INFO  [main] 
2023-01-15 21:08:56,630 INFO  [main] 
2023-01-15 21:08:56,649 INFO  [main] 
2023-01-15 21:08:56,668 INFO  [main] 
2023-01-15 21:08:56,687 INFO  [main] OfficeSpace (1)
2023-01-15 21:08:56,711 INFO  [main] Panta Plast (5)
2023-01-15 21:08:56,732 INFO  [main] 
2023-01-15 21:08:56,748 INFO  [main] 
2023-01-15 21:08:56,766 INFO  [main] 
2023-01-15 21:08:56,783 INFO  [main] 
2023-01-15 21:08:56,821 INFO  [main] 
2023-01-15 21:08:56,848 INFO  [main] 
2023-01-15 21:08:56,865 INFO  [main] 
2023-01-15 21:08:56,882 INFO  [main] 
2023-01-15 21:08:56,900 INFO  [main] 
2023-01-15 21:37:27,969 INFO  [main] Opened HomePage
2023-01-15 21:37:30,892 INFO  [main] CheckMailingVerificatiion: true
2023-01-15 21:37:49,366 INFO  [main] Opened HomePage
2023-01-15 21:37:52,093 ERROR  [main] CheckMailingVerificatiion: NoSuchElementException
2023-01-16 01:54:34,918 INFO  [main] Opened HomePage
2023-01-16 01:54:36,837 INFO  [main] Searching тетрадь
2023-01-16 01:54:37,921 INFO  [main] logged in
2023-01-16 01:54:37,922 INFO  [main] Opened Search Page
2023-01-16 01:54:42,918 INFO  [main] opened Shopping Cart Page
2023-01-16 01:54:42,920 INFO  [main] Opened Item Page
2023-01-16 01:54:43,298 INFO  [main] opened Shopping Cart Page
2023-01-16 01:54:43,419 ERROR  [main] verifyAmountOfItemsInShoppingCart: NoSuchElementException
2023-01-16 01:54:59,983 INFO  [main] Opened HomePage
2023-01-16 01:55:01,654 INFO  [main] Searching тетрадь
2023-01-16 01:55:02,523 INFO  [main] logged in
2023-01-16 01:55:02,524 INFO  [main] Opened Search Page
2023-01-16 01:55:06,470 INFO  [main] opened Shopping Cart Page
2023-01-16 01:55:06,472 INFO  [main] Opened Item Page
2023-01-16 01:55:06,825 INFO  [main] opened Shopping Cart Page
2023-01-16 01:55:07,348 INFO  [main] opened Shopping Cart Page
2023-01-16 01:55:54,029 INFO  [main] Opened HomePage
2023-01-16 01:55:55,606 INFO  [main] Searching тетрадь
2023-01-16 01:55:56,419 INFO  [main] logged in
2023-01-16 01:55:56,420 INFO  [main] Opened Search Page
2023-01-16 01:56:00,439 INFO  [main] opened Shopping Cart Page
2023-01-16 01:56:00,440 INFO  [main] Opened Item Page
2023-01-16 01:56:00,769 INFO  [main] opened Shopping Cart Page
2023-01-16 01:56:01,303 INFO  [main] opened Shopping Cart Page
2023-01-16 01:56:44,497 INFO  [main] Opened HomePage
2023-01-16 01:56:46,078 INFO  [main] Searching тетрадь
2023-01-16 01:56:46,969 INFO  [main] logged in
2023-01-16 01:56:46,970 INFO  [main] Opened Search Page
2023-01-16 01:56:50,822 INFO  [main] opened Shopping Cart Page
2023-01-16 01:56:50,824 INFO  [main] Opened Item Page
2023-01-16 01:56:51,215 INFO  [main] opened Shopping Cart Page
2023-01-16 01:56:51,699 INFO  [main] opened Shopping Cart Page
2023-01-16 01:56:51,917 ERROR  [main] verifyAmountOfItemsInShoppingCart: NoSuchElementException
2023-01-16 01:57:10,594 INFO  [main] Opened HomePage
2023-01-16 01:57:12,246 INFO  [main] Searching тетрадь
2023-01-16 01:57:13,189 INFO  [main] logged in
2023-01-16 01:57:13,190 INFO  [main] Opened Search Page
2023-01-16 01:57:16,815 INFO  [main] opened Shopping Cart Page
2023-01-16 01:57:16,816 INFO  [main] Opened Item Page
2023-01-16 01:57:17,262 INFO  [main] opened Shopping Cart Page
2023-01-16 01:57:17,840 INFO  [main] opened Shopping Cart Page
2023-01-16 01:57:18,457 ERROR  [main] verifyAmountOfItemsInShoppingCart: NoSuchElementException
2023-01-16 01:57:29,132 INFO  [main] Opened HomePage
2023-01-16 01:57:30,636 INFO  [main] Searching !!!
2023-01-16 01:57:31,835 INFO  [main] logged in
2023-01-16 01:57:31,836 INFO  [main] Opened Search Page
2023-01-16 01:57:34,113 ERROR  [main] checkIfCommentIsSent: NoSuchElementException
2023-01-16 01:57:43,795 INFO  [main] Opened HomePage
2023-01-16 01:57:46,641 ERROR  [main] CheckMailingVerificatiion: NoSuchElementException
2023-01-16 01:57:59,307 INFO  [main] Opened HomePage
2023-01-16 01:58:01,187 INFO  [main] Searching тетрадь
2023-01-16 01:58:02,016 INFO  [main] logged in
2023-01-16 01:58:02,017 INFO  [main] Opened Search Page
2023-01-16 01:58:05,712 INFO  [main] opened Shopping Cart Page
2023-01-16 01:58:05,713 INFO  [main] Opened Item Page
2023-01-16 01:58:06,064 INFO  [main] opened Shopping Cart Page
2023-01-16 01:58:06,648 ERROR  [main] verifyAmountOfItemsInShoppingCart: NoSuchElementException
2023-01-16 01:58:22,524 INFO  [main] Opened HomePage
2023-01-16 01:58:24,394 INFO  [main] loginIntoAccount: valdaitsevv@mail.ru / fybnjc2001
2023-01-16 01:58:25,727 INFO  [main] logged in
2023-01-16 01:59:15,414 INFO  [main] Opened HomePage
2023-01-16 01:59:17,291 INFO  [main] loginIntoAccount: ani1901@list.ru / fybnjc2001
2023-01-16 01:59:18,840 INFO  [main] logged in
2023-01-16 01:59:22,473 INFO  [main] opened Profile Page
2023-01-16 01:59:36,372 INFO  [main] Opened HomePage
2023-01-16 01:59:38,049 INFO  [main] Searching тетрадь
2023-01-16 01:59:38,968 INFO  [main] logged in
2023-01-16 01:59:39,172 INFO  [main] Opened Search Page
2023-01-16 01:59:42,200 INFO  [main] checking Brand Filer...
2023-01-16 01:59:42,271 INFO  [main] 
2023-01-16 01:59:42,308 INFO  [main] ArtSpace (3)
2023-01-16 01:59:42,336 INFO  [main] 
2023-01-16 01:59:42,356 INFO  [main] 
2023-01-16 01:59:42,382 INFO  [main] 
2023-01-16 01:59:42,401 INFO  [main] 
2023-01-16 01:59:42,422 INFO  [main] 
2023-01-16 01:59:42,442 INFO  [main] 
2023-01-16 01:59:42,463 INFO  [main] OfficeSpace (1)
2023-01-16 01:59:42,489 INFO  [main] Panta Plast (5)
2023-01-16 01:59:42,511 INFO  [main] 
2023-01-16 01:59:42,531 INFO  [main] 
2023-01-16 01:59:42,549 INFO  [main] 
2023-01-16 01:59:42,569 INFO  [main] 
2023-01-16 01:59:42,589 INFO  [main] 
2023-01-16 01:59:42,610 INFO  [main] 
2023-01-16 01:59:42,631 INFO  [main] 
2023-01-16 01:59:42,650 INFO  [main] 
2023-01-16 01:59:42,669 INFO  [main] 
2023-01-16 02:00:07,512 INFO  [main] Opened HomePage
2023-01-16 02:00:09,566 INFO  [main] loginIntoAccount: ani1901@list.ru / fybnjc2001
2023-01-16 02:00:10,960 INFO  [main] logged in
2023-01-16 02:00:10,961 INFO  [main] Searching тетрадь
2023-01-16 02:02:33,188 INFO  [main] Opened HomePage
2023-01-16 02:02:35,914 INFO  [main] loginIntoAccount: ani1901@list.ru / fybnjc2001
2023-01-16 02:02:37,770 INFO  [main] logged in
2023-01-16 02:02:37,771 INFO  [main] Searching тетрадь
2023-01-16 02:03:17,775 INFO  [main] Opened HomePage
2023-01-16 02:03:19,602 INFO  [main] loginIntoAccount: ani1901@list.ru / fybnjc2001
2023-01-16 02:03:21,703 INFO  [main] logged in
2023-01-16 02:03:21,703 INFO  [main] Searching тетрадь
2023-01-16 02:03:23,986 INFO  [main] logged in
2023-01-16 02:03:23,988 INFO  [main] Opened Search Page
2023-01-16 02:03:28,775 INFO  [main] opened Shopping Cart Page
2023-01-16 02:03:28,786 INFO  [main] Opened Item Page
2023-01-16 02:03:31,632 INFO  [main] opened Shopping Cart Page
2023-01-16 02:07:03,283 INFO  [main] Opened HomePage
2023-01-16 02:07:05,292 INFO  [main] loginIntoAccount: ani1901@list.ru / fybnjc2001
2023-01-16 02:07:06,455 INFO  [main] logged in
2023-01-16 02:07:06,456 INFO  [main] Searching тетрадь
2023-01-16 02:07:22,115 INFO  [main] Opened HomePage
2023-01-16 02:07:23,991 INFO  [main] loginIntoAccount: ani1901@list.ru / fybnjc2001
2023-01-16 02:07:25,409 INFO  [main] logged in
2023-01-16 02:07:25,409 INFO  [main] Searching тетрадь
2023-01-16 02:07:45,591 INFO  [main] Opened HomePage
2023-01-16 02:07:47,174 INFO  [main] loginIntoAccount: ani1901@list.ru / fybnjc2001
2023-01-16 02:07:48,478 INFO  [main] logged in
2023-01-16 02:07:48,479 INFO  [main] Searching тетрадь
2023-01-16 02:08:04,731 INFO  [main] Opened HomePage
2023-01-16 02:08:06,542 INFO  [main] loginIntoAccount: ani1901@list.ru / fybnjc2001
2023-01-16 02:08:07,731 INFO  [main] logged in
2023-01-16 02:08:07,731 INFO  [main] Searching тетрадь
2023-01-16 02:08:09,361 INFO  [main] logged in
2023-01-16 02:08:09,362 INFO  [main] Opened Search Page
2023-01-16 02:08:13,025 INFO  [main] opened Shopping Cart Page
2023-01-16 02:08:13,026 INFO  [main] Opened Item Page
2023-01-16 02:08:14,459 INFO  [main] opened Shopping Cart Page
2023-01-16 02:08:38,705 INFO  [main] Opened HomePage
2023-01-16 02:08:40,494 INFO  [main] loginIntoAccount: ani1901@list.ru / fybnjc2001
2023-01-16 02:08:41,846 INFO  [main] logged in
2023-01-16 02:08:41,846 INFO  [main] Searching тетрадь
2023-01-16 02:08:43,412 INFO  [main] logged in
2023-01-16 02:08:43,413 INFO  [main] Opened Search Page
2023-01-16 02:08:47,358 INFO  [main] opened Shopping Cart Page
2023-01-16 02:08:47,359 INFO  [main] Opened Item Page
2023-01-16 02:08:48,659 INFO  [main] opened Shopping Cart Page
2023-01-16 02:10:48,906 INFO  [main] Opened HomePage
2023-01-16 02:10:52,627 INFO  [main] loginIntoAccount: ani1901@list.ru / fybnjc2001
2023-01-16 02:10:54,429 INFO  [main] logged in
2023-01-16 02:10:54,430 INFO  [main] Searching тетрадь
2023-01-16 02:10:57,252 INFO  [main] logged in
2023-01-16 02:10:57,321 INFO  [main] Opened Search Page
2023-01-16 02:11:00,899 INFO  [main] opened Shopping Cart Page
2023-01-16 02:11:00,973 INFO  [main] Opened Item Page
2023-01-16 02:11:01,389 INFO  [main] opened Item Review Tab
2023-01-16 02:11:17,028 INFO  [main] Opened HomePage
2023-01-16 02:11:18,635 INFO  [main] loginIntoAccount: ani1901@list.ru / fybnjc2001
2023-01-16 02:11:19,953 INFO  [main] logged in
2023-01-16 02:11:19,954 INFO  [main] Searching тетрадь
2023-01-16 02:11:34,599 INFO  [main] Opened HomePage
2023-01-16 02:11:37,638 INFO  [main] loginIntoAccount: ani1901@list.ru / fybnjc2001
2023-01-16 02:11:41,338 INFO  [main] logged in
2023-01-16 02:11:41,339 INFO  [main] Searching тетрадь
2023-01-16 02:12:22,182 INFO  [main] Opened HomePage
2023-01-16 02:12:23,738 INFO  [main] loginIntoAccount: ani1901@list.ru / fybnjc2001
2023-01-16 02:12:25,207 INFO  [main] logged in
2023-01-16 02:12:25,207 INFO  [main] Searching тетрадь
2023-01-16 02:12:37,334 INFO  [main] Opened HomePage
2023-01-16 02:12:38,965 INFO  [main] loginIntoAccount: ani1901@list.ru / fybnjc2001
2023-01-16 02:12:40,448 INFO  [main] logged in
2023-01-16 02:12:40,448 INFO  [main] Searching тетрадь
2023-01-16 02:14:05,891 INFO  [main] Opened HomePage
2023-01-16 02:14:07,416 INFO  [main] loginIntoAccount: ani1901@list.ru / fybnjc2001
2023-01-16 02:14:08,529 INFO  [main] logged in
2023-01-16 02:14:08,529 INFO  [main] Searching тетрадь
2023-01-16 02:14:10,007 INFO  [main] logged in
2023-01-16 02:14:10,141 INFO  [main] Opened Search Page
2023-01-16 02:14:29,770 INFO  [main] Opened HomePage
2023-01-16 02:14:31,382 INFO  [main] loginIntoAccount: ani1901@list.ru / fybnjc2001
2023-01-16 02:14:32,546 INFO  [main] logged in
2023-01-16 02:14:32,546 INFO  [main] Searching тетрадь
2023-01-16 02:14:33,838 INFO  [main] logged in
2023-01-16 02:14:33,864 INFO  [main] Opened Search Page
2023-01-16 02:14:37,744 INFO  [main] opened Shopping Cart Page
2023-01-16 02:14:37,768 INFO  [main] Opened Item Page
2023-01-16 02:15:01,921 INFO  [main] Opened HomePage
2023-01-16 02:15:03,342 INFO  [main] loginIntoAccount: ani1901@list.ru / fybnjc2001
2023-01-16 02:15:04,752 INFO  [main] logged in
2023-01-16 02:15:08,747 INFO  [main] opened Profile Page
2023-01-16 02:15:33,336 INFO  [main] Opened HomePage
2023-01-16 02:15:36,484 INFO  [main] loginIntoAccount: ani1901@list.ru / fybnjc2001
2023-01-16 02:15:37,792 INFO  [main] logged in
2023-01-16 02:15:39,916 INFO  [main] opened Profile Page
2023-01-16 02:15:40,065 INFO  [main] Opened Profile Page
2023-01-16 02:15:40,287 INFO  [main] opened Feedback Form
2023-01-16 02:15:41,010 INFO  [main] Wrote smth to feedback
2023-01-16 02:15:52,464 INFO  [main] Opened HomePage
2023-01-16 02:15:54,080 INFO  [main] loginIntoAccount: ani1901@list.ru / fybnjc2001
2023-01-16 02:15:55,429 INFO  [main] logged in
2023-01-16 02:15:55,430 INFO  [main] Searching тетрадь
2023-01-16 02:16:11,773 INFO  [main] Opened HomePage
2023-01-16 02:16:11,779 INFO  [main] loginIntoAccount: ani1901@list.ru / fybnjc2001
2023-01-16 02:16:54,780 INFO  [main] Opened HomePage
2023-01-16 02:16:56,330 INFO  [main] loginIntoAccount: ani1901@list.ru / fybnjc2001
2023-01-16 02:16:57,363 INFO  [main] logged in
2023-01-16 02:16:57,363 INFO  [main] Searching тетрадь
2023-01-16 02:18:01,089 INFO  [main] Opened HomePage
2023-01-16 02:18:02,621 INFO  [main] loginIntoAccount: ani1901@list.ru / fybnjc2001
2023-01-16 02:18:03,338 INFO  [main] logged in
2023-01-16 02:18:03,339 INFO  [main] Searching тетрадь
2023-01-16 02:18:42,473 INFO  [main] Opened HomePage
2023-01-16 02:18:44,039 INFO  [main] Searching тетрадь
2023-01-16 02:18:44,459 INFO  [main] logged in
2023-01-16 02:18:44,461 INFO  [main] Opened Search Page
2023-01-16 02:18:48,086 INFO  [main] opened Shopping Cart Page
2023-01-16 02:18:48,087 INFO  [main] Opened Item Page
2023-01-16 02:18:48,459 INFO  [main] opened Shopping Cart Page
2023-01-16 02:18:49,049 ERROR  [main] verifyAmountOfItemsInShoppingCart: NoSuchElementException
2023-01-16 02:19:01,114 INFO  [main] Opened HomePage
2023-01-16 02:19:02,598 INFO  [main] loginIntoAccount: ani1901@list.ru / fybnjc2001
2023-01-16 02:19:03,786 INFO  [main] logged in
2023-01-16 02:19:03,786 INFO  [main] Searching тетрадь
2023-01-16 02:19:05,046 INFO  [main] logged in
2023-01-16 02:19:05,048 INFO  [main] Opened Search Page
